<?xml version="1.0" encoding="UTF-8"?>
<!-- Generated by org.testng.reporters.JUnitReportReporter -->
<testsuite hostname="ML01W7U" name="com.selenium.slx.mobileclient.ExpTestNG" tests="1" failures="0" timestamp="29 Apr 2013 21:12:56 GMT" time="0.015" errors="0">
  <testcase name="f" time="0.015" classname="com.selenium.slx.mobileclient.ExpTestNG"/>
</testsuite> <!-- com.selenium.slx.mobileclient.ExpTestNG -->
